<?xml version="1.0" encoding="UTF-8"?>
<!-- Generated by org.testng.reporters.JUnitReportReporter -->
<testsuite hostname="LAPTOP-H97D9H55" failures="0" tests="1" name="selenium.DemoFileupload" time="15.108" errors="0" timestamp="2024-07-17T11:28:25 IST" skipped="0">
  <testcase classname="selenium.DemoFileupload" name="url" time="15.108"/>
  <system-out/>
</testsuite> <!-- selenium.DemoFileupload -->
