<?xml version="1.0" encoding="UTF-8"?>
<!-- Generated by org.testng.reporters.JUnitReportReporter -->
<testsuite hostname="LAPTOP-H97D9H55" failures="0" tests="1" name="selenium.Hover" time="8.548" errors="0" timestamp="2024-07-11T11:41:29 IST" skipped="0">
  <testcase classname="selenium.Hover" name="test" time="8.548"/>
  <system-out/>
</testsuite> <!-- selenium.Hover -->
