<?xml version="1.0" encoding="UTF-8"?>
<!-- Generated by org.testng.reporters.JUnitReportReporter -->
<testsuite hostname="LAPTOP-H97D9H55" failures="0" tests="1" name="test.Fbloginpomtest" time="0.228" errors="0" timestamp="2024-07-20T00:27:50 IST" skipped="0">
  <testcase classname="test.Fbloginpomtest" name="testLogin" time="0.228"/>
  <system-out/>
</testsuite> <!-- test.Fbloginpomtest -->
