<?xml version="1.0" encoding="UTF-8"?>
<!-- Generated by org.testng.reporters.JUnitReportReporter -->
<testsuite hostname="LAPTOP-H97D9H55" failures="0" tests="1" name="selenium.Dropdown" time="3.469" errors="0" timestamp="2024-07-19T12:19:07 IST" skipped="0">
  <testcase classname="selenium.Dropdown" name="test" time="3.469"/>
  <system-out/>
</testsuite> <!-- selenium.Dropdown -->
