<?xml version="1.0" encoding="UTF-8"?>
<!-- Generated by org.testng.reporters.JUnitReportReporter -->
<testsuite hostname="LAPTOP-H97D9H55" failures="0" tests="1" name="selenium.Fileupload" time="10.424" errors="0" timestamp="2024-07-17T09:17:27 IST" skipped="0">
  <testcase classname="selenium.Fileupload" name="uploadFile" time="10.424"/>
  <system-out/>
</testsuite> <!-- selenium.Fileupload -->
