<?xml version="1.0" encoding="UTF-8"?>
<!-- Generated by org.testng.reporters.JUnitReportReporter -->
<testsuite hostname="LAPTOP-H97D9H55" failures="0" tests="1" name="selenium.Logoverification" time="2.730" errors="0" timestamp="2024-07-22T09:30:16 IST" skipped="0">
  <testcase classname="selenium.Logoverification" name="test" time="2.730"/>
  <system-out/>
</testsuite> <!-- selenium.Logoverification -->
