<?xml version="1.0" encoding="UTF-8"?>
<!-- Generated by org.testng.reporters.JUnitReportReporter -->
<testsuite hostname="LAPTOP-H97D9H55" failures="0" tests="1" name="selenium.Draganddrop" time="8.370" errors="0" timestamp="2024-07-10T11:10:24 IST" skipped="0">
  <testcase classname="selenium.Draganddrop" name="test" time="8.370"/>
  <system-out/>
</testsuite> <!-- selenium.Draganddrop -->
