<?xml version="1.0" encoding="UTF-8"?>
<!-- Generated by org.testng.reporters.JUnitReportReporter -->
<testsuite hostname="LAPTOP-H97D9H55" failures="0" tests="1" name="selenium.Datadriventest" time="27.096" errors="0" timestamp="2024-07-17T09:34:42 IST" skipped="0">
  <testcase classname="selenium.Datadriventest" name="test" time="27.096"/>
  <system-out/>
</testsuite> <!-- selenium.Datadriventest -->
