<?xml version="1.0" encoding="UTF-8"?>
<!-- Generated by org.testng.reporters.JUnitReportReporter -->
<testsuite hostname="LAPTOP-H97D9H55" failures="0" tests="1" name="test.Bookingtestpage" time="12.551" errors="0" timestamp="2024-07-30T13:28:58 IST" skipped="0">
  <testcase classname="test.Bookingtestpage" name="test" time="12.551"/>
  <system-out/>
</testsuite> <!-- test.Bookingtestpage -->
