<?xml version="1.0" encoding="UTF-8"?>
<!-- Generated by org.testng.reporters.JUnitReportReporter -->
<testsuite hostname="LAPTOP-H97D9H55" failures="0" tests="1" name="selenium.Copypaste" time="2.756" errors="0" timestamp="2024-07-10T10:18:41 IST" skipped="0">
  <testcase classname="selenium.Copypaste" name="test" time="2.756"/>
  <system-out/>
</testsuite> <!-- selenium.Copypaste -->
