<?xml version="1.0" encoding="UTF-8"?>
<!-- Generated by org.testng.reporters.JUnitReportReporter -->
<testsuite hostname="LAPTOP-H97D9H55" failures="0" tests="3" name="selenium.Crossbrowser" time="8.092" errors="0" timestamp="2024-07-12T10:56:49 IST" skipped="0">
  <testcase classname="selenium.Crossbrowser" name="test2" time="2.936"/>
  <system-out/>
  <testcase classname="selenium.Crossbrowser" name="test2" time="2.982"/>
  <system-out/>
  <testcase classname="selenium.Crossbrowser" name="test2" time="2.174"/>
  <system-out/>
</testsuite> <!-- selenium.Crossbrowser -->
