<?xml version="1.0" encoding="UTF-8"?>
<!-- Generated by org.testng.reporters.JUnitReportReporter -->
<testsuite hostname="LAPTOP-H97D9H55" failures="0" tests="1" name="test.Cashonpicktest2" time="2.023" errors="0" timestamp="2024-07-20T00:28:14 IST" skipped="0">
  <testcase classname="test.Cashonpicktest2" name="test2" time="2.023"/>
  <system-out/>
</testsuite> <!-- test.Cashonpicktest2 -->
