<?xml version="1.0" encoding="UTF-8"?>
<!-- Generated by org.testng.reporters.JUnitReportReporter -->
<testsuite hostname="LAPTOP-H97D9H55" failures="0" tests="1" name="test.Automationqatestpage" time="12.341" errors="0" timestamp="2024-07-25T09:17:16 IST" skipped="0">
  <testcase classname="test.Automationqatestpage" name="test1" time="12.341"/>
  <system-out/>
</testsuite> <!-- test.Automationqatestpage -->
