<?xml version="1.0" encoding="UTF-8"?>
<!-- Generated by org.testng.reporters.JUnitReportReporter -->
<testsuite hostname="LAPTOP-H97D9H55" failures="0" tests="3" name="selenium.Testngprogram" time="0.011" errors="0" timestamp="2024-07-12T10:53:57 IST" skipped="0">
  <testcase classname="selenium.Testngprogram" name="test1" time="0.001"/>
  <system-out/>
  <testcase classname="selenium.Testngprogram" name="test1" time="0.007"/>
  <system-out/>
  <testcase classname="selenium.Testngprogram" name="test3" time="0.003"/>
  <system-out/>
</testsuite> <!-- selenium.Testngprogram -->
